[debug] [2023-11-22T13:51:28.427Z] ----------------------------------------------------------------------
[debug] [2023-11-22T13:51:28.433Z] Command:       C:\Program Files\nodejs\node.exe C:\Users\manoj\AppData\Roaming\npm\node_modules\firebase-tools\lib\bin\firebase.js init
[debug] [2023-11-22T13:51:28.434Z] CLI Version:   12.9.1
[debug] [2023-11-22T13:51:28.434Z] Platform:      win32
[debug] [2023-11-22T13:51:28.435Z] Node Version:  v20.9.0
[debug] [2023-11-22T13:51:28.435Z] Time:          Wed Nov 22 2023 19:21:28 GMT+0530 (India Standard Time)
[debug] [2023-11-22T13:51:28.435Z] ----------------------------------------------------------------------
[debug] 
[debug] [2023-11-22T13:51:28.702Z] > command requires scopes: ["email","openid","https://www.googleapis.com/auth/cloudplatformprojects.readonly","https://www.googleapis.com/auth/firebase","https://www.googleapis.com/auth/cloud-platform"]
[debug] [2023-11-22T13:51:28.703Z] > authorizing via signed-in user (prabhakarlive2000@gmail.com)
[info] 
     ######## #### ########  ######## ########     ###     ######  ########
     ##        ##  ##     ## ##       ##     ##  ##   ##  ##       ##
     ######    ##  ########  ######   ########  #########  ######  ######
     ##        ##  ##    ##  ##       ##     ## ##     ##       ## ##
     ##       #### ##     ## ######## ########  ##     ##  ######  ########

You're about to initialize a Firebase project in this directory:

  C:\Users\manoj\Desktop\Digisailor\jcet_portal

Before we get started, keep in mind:

  * You are initializing within an existing Firebase project directory

[info] 
=== Project Setup
[info] 
[info] First, let's associate this project directory with a Firebase project.
[info] You can create multiple project aliases by running firebase use --add, 
[info] but for now we'll just set up a default project.
[info] 
[debug] [2023-11-22T13:51:36.543Z] Using project from CLI flag: jcetportal
[debug] [2023-11-22T13:51:36.545Z] > refreshing access token with scopes: []
[debug] [2023-11-22T13:51:36.549Z] >>> [apiv2][query] POST https://www.googleapis.com/oauth2/v3/token [none]
[debug] [2023-11-22T13:51:36.549Z] >>> [apiv2][body] POST https://www.googleapis.com/oauth2/v3/token [omitted]
[debug] [2023-11-22T13:51:36.930Z] <<< [apiv2][status] POST https://www.googleapis.com/oauth2/v3/token 200
[debug] [2023-11-22T13:51:36.931Z] <<< [apiv2][body] POST https://www.googleapis.com/oauth2/v3/token [omitted]
[debug] [2023-11-22T13:51:36.941Z] >>> [apiv2][query] GET https://firebase.googleapis.com/v1beta1/projects/jcetportal [none]
[debug] [2023-11-22T13:51:37.374Z] <<< [apiv2][status] GET https://firebase.googleapis.com/v1beta1/projects/jcetportal 200
[debug] [2023-11-22T13:51:37.374Z] <<< [apiv2][body] GET https://firebase.googleapis.com/v1beta1/projects/jcetportal {"projectId":"jcetportal","projectNumber":"514762273035","displayName":"jcetportal","name":"projects/jcetportal","resources":{"hostingSite":"jcetportal","storageBucket":"jcetportal.appspot.com","locationId":"asia-southeast1"},"state":"ACTIVE","etag":"1_af3a7571-836f-4453-9f2e-97334551e7df"}
[info] i  Using project jcetportal (jcetportal) 
[info] 
=== Hosting Setup
[debug] [2023-11-22T13:51:37.387Z] >>> [apiv2][query] GET https://firebase.googleapis.com/v1beta1/projects/jcetportal [none]
[debug] [2023-11-22T13:51:37.687Z] <<< [apiv2][status] GET https://firebase.googleapis.com/v1beta1/projects/jcetportal 200
[debug] [2023-11-22T13:51:37.687Z] <<< [apiv2][body] GET https://firebase.googleapis.com/v1beta1/projects/jcetportal {"projectId":"jcetportal","projectNumber":"514762273035","displayName":"jcetportal","name":"projects/jcetportal","resources":{"hostingSite":"jcetportal","storageBucket":"jcetportal.appspot.com","locationId":"asia-southeast1"},"state":"ACTIVE","etag":"1_af3a7571-836f-4453-9f2e-97334551e7df"}
[info] 
[info] Your public directory is the folder (relative to your project directory) that
[info] will contain Hosting assets to be uploaded with firebase deploy. If you
[info] have a build process for your assets, use your build's output directory.
[info] 
